The MPI test test_mpi for C in mode normal failed to compile with the following output:
Change Dir: /scratch/cb761149/uibk_parallelization_24/assignments/02/CMakeFiles/CMakeTmp

Run Build Command(s):/usr/bin/gmake -f Makefile cmTC_fdb80/fast && /usr/bin/gmake  -f CMakeFiles/cmTC_fdb80.dir/build.make CMakeFiles/cmTC_fdb80.dir/build
gmake[1]: Entering directory '/gpfs/gpfs1/scratch/cb761149/uibk_parallelization_24/assignments/02/CMakeFiles/CMakeTmp'
Building C object CMakeFiles/cmTC_fdb80.dir/test_mpi.c.o
/usr/bin/cc    -o CMakeFiles/cmTC_fdb80.dir/test_mpi.c.o -c /usr/share/cmake/Modules/FindMPI/test_mpi.c
/usr/share/cmake/Modules/FindMPI/test_mpi.c:1:10: fatal error: mpi.h: No such file or directory
 #include <mpi.h>
          ^~~~~~~
compilation terminated.
gmake[1]: *** [CMakeFiles/cmTC_fdb80.dir/build.make:78: CMakeFiles/cmTC_fdb80.dir/test_mpi.c.o] Error 1
gmake[1]: Leaving directory '/gpfs/gpfs1/scratch/cb761149/uibk_parallelization_24/assignments/02/CMakeFiles/CMakeTmp'
gmake: *** [Makefile:127: cmTC_fdb80/fast] Error 2



The MPI test test_mpi for CXX in mode normal failed to compile with the following output:
Change Dir: /scratch/cb761149/uibk_parallelization_24/assignments/02/CMakeFiles/CMakeTmp

Run Build Command(s):/usr/bin/gmake -f Makefile cmTC_049a4/fast && /usr/bin/gmake  -f CMakeFiles/cmTC_049a4.dir/build.make CMakeFiles/cmTC_049a4.dir/build
gmake[1]: Entering directory '/gpfs/gpfs1/scratch/cb761149/uibk_parallelization_24/assignments/02/CMakeFiles/CMakeTmp'
Building CXX object CMakeFiles/cmTC_049a4.dir/test_mpi.cpp.o
/usr/bin/c++    -o CMakeFiles/cmTC_049a4.dir/test_mpi.cpp.o -c /scratch/cb761149/uibk_parallelization_24/assignments/02/CMakeFiles/FindMPI/test_mpi.cpp
/scratch/cb761149/uibk_parallelization_24/assignments/02/CMakeFiles/FindMPI/test_mpi.cpp:1:10: fatal error: mpi.h: No such file or directory
 #include <mpi.h>
          ^~~~~~~
compilation terminated.
gmake[1]: *** [CMakeFiles/cmTC_049a4.dir/build.make:78: CMakeFiles/cmTC_049a4.dir/test_mpi.cpp.o] Error 1
gmake[1]: Leaving directory '/gpfs/gpfs1/scratch/cb761149/uibk_parallelization_24/assignments/02/CMakeFiles/CMakeTmp'
gmake: *** [Makefile:127: cmTC_049a4/fast] Error 2



